<?xml version="1.0" encoding="UTF-8"?>
<!-- Generated by org.testng.reporters.JUnitReportReporter -->
<testsuite skipped="0" hostname="IN-HK28TT2" name="com.testcases.successorder" tests="1" failures="0" timestamp="17 Dec 2019 11:29:16 GMT" time="37.981" errors="0">
  <testcase name="order1" time="37.981" classname="com.testcases.successorder"/>
</testsuite> <!-- com.testcases.successorder -->
