<?xml version="1.0" encoding="UTF-8"?>
<!-- Generated by org.testng.reporters.JUnitReportReporter -->
<testsuite skipped="0" hostname="IN-HK28TT2" name="com.testcases.LoginTest" tests="1" failures="0" timestamp="20 Dec 2019 21:23:12 GMT" time="3.986" errors="0">
  <testcase name="LoginExistingUser" time="3.986" classname="com.testcases.LoginTest"/>
</testsuite> <!-- com.testcases.LoginTest -->
