<?xml version="1.0" encoding="UTF-8"?>
<!-- Generated by org.testng.reporters.JUnitReportReporter -->
<testsuite skipped="0" hostname="IN-HK28TT2" name="com.testcases.WomenCheckoutPage" tests="1" failures="0" timestamp="17 Dec 2019 10:18:08 GMT" time="0.270" errors="0">
  <testcase name="SignUpaNewUser" time="0.270" classname="com.testcases.WomenCheckoutPage"/>
</testsuite> <!-- com.testcases.WomenCheckoutPage -->
