<?xml version="1.0" encoding="UTF-8"?>
<!-- Generated by org.testng.reporters.JUnitReportReporter -->
<testsuite skipped="0" hostname="IN-HK28TT2" name="com.testcases.WomenCheckoutOrderTest" tests="1" failures="0" timestamp="20 Dec 2019 21:23:12 GMT" time="18.276" errors="0">
  <testcase name="orderAProduct" time="18.276" classname="com.testcases.WomenCheckoutOrderTest"/>
</testsuite> <!-- com.testcases.WomenCheckoutOrderTest -->
